<?xml version="1.0" encoding="UTF-8"?>
<!-- Generated by org.testng.reporters.JUnitReportReporter -->
<testsuite hostname="DESKTOP-MNPBH4U" failures="0" tests="1" name="test.searchtest" time="55.146" errors="0" timestamp="2024-09-10T12:33:43 IST" skipped="0">
  <testcase classname="test.searchtest" name="test" time="55.146"/>
</testsuite> <!-- test.searchtest -->
