<?xml version="1.0" encoding="UTF-8"?>
<!-- Generated by org.testng.reporters.JUnitReportReporter -->
<testsuite hostname="DESKTOP-MNPBH4U" failures="0" tests="1" name="test.scrolltest" time="20.212" errors="0" timestamp="2024-08-17T10:24:19 IST" skipped="0">
  <testcase classname="test.scrolltest" name="test" time="20.212"/>
</testsuite> <!-- test.scrolltest -->
