<?xml version="1.0" encoding="UTF-8"?>
<!-- Generated by org.testng.reporters.JUnitReportReporter -->
<testsuite hostname="DESKTOP-MNPBH4U" failures="0" tests="1" name="test.logintest" time="27.282" errors="0" timestamp="2024-09-10T12:30:50 IST" skipped="0">
  <testcase classname="test.logintest" name="test" time="27.282"/>
</testsuite> <!-- test.logintest -->
