<?xml version="1.0" encoding="UTF-8"?>
<!-- Generated by org.testng.reporters.JUnitReportReporter -->
<testsuite hostname="DESKTOP-MNPBH4U" failures="0" tests="1" name="test.droptest" time="58.569" errors="0" timestamp="2024-09-03T14:08:56 IST" skipped="0">
  <testcase classname="test.droptest" name="test" time="58.569"/>
</testsuite> <!-- test.droptest -->
