<?xml version="1.0" encoding="UTF-8"?>
<!-- Generated by org.testng.reporters.JUnitReportReporter -->
<testsuite hostname="DESKTOP-MNPBH4U" failures="0" tests="1" name="test.checktest" time="24.886" errors="0" timestamp="2024-08-22T20:47:49 IST" skipped="0">
  <testcase classname="test.checktest" name="test" time="24.886"/>
</testsuite> <!-- test.checktest -->
